# JRE version: OpenJDK Runtime Environment (8.0_242) (build 1.8.0_242-release-1644-b3-6222593)
# Java VM: OpenJDK 64-Bit Server VM (25.242-b3-6222593 mixed mode linux-amd64 compressed oops)
Heap:
 PSYoungGen      total 531456K, used 13978K [0x00000000d5580000, 0x00000000f8080000, 0x0000000100000000)
  eden space 494592K, 0% used [0x00000000d5580000,0x00000000d5580000,0x00000000f3880000)
  from space 36864K, 37% used [0x00000000f3880000,0x00000000f4626b18,0x00000000f5c80000)
  to   space 28160K, 0% used [0x00000000f5c80000,0x00000000f5c80000,0x00000000f7800000)
 ParOldGen       total 105984K, used 62511K [0x0000000080000000, 0x0000000086780000, 0x00000000d5580000)
  object space 105984K, 58% used [0x0000000080000000,0x0000000083d0bd10,0x0000000086780000)
 Metaspace       used 112696K, capacity 118472K, committed 118616K, reserved 1153024K
  class space    used 14794K, capacity 15913K, committed 16000K, reserved 1048576K
GC Heap History (10 events):
Event: 4886.735 GC heap after
Heap after GC invocations=18 (full 3):
 PSYoungGen      total 349696K, used 21425K [0x00000000d5580000, 0x00000000f3080000, 0x0000000100000000)
  eden space 324608K, 0% used [0x00000000d5580000,0x00000000d5580000,0x00000000e9280000)
  from space 25088K, 85% used [0x00000000e9280000,0x00000000ea76c470,0x00000000eab00000)
  to   space 28160K, 0% used [0x00000000f1500000,0x00000000f1500000,0x00000000f3080000)
 ParOldGen       total 75776K, used 45148K [0x0000000080000000, 0x0000000084a00000, 0x00000000d5580000)
  object space 75776K, 59% used [0x0000000080000000,0x0000000082c171b8,0x0000000084a00000)
 Metaspace       used 86525K, capacity 90460K, committed 90712K, reserved 1128448K
  class space    used 11474K, capacity 12301K, committed 12416K, reserved 1048576K
}
Event: 4896.804 GC heap before
{Heap before GC invocations=19 (full 3):
 PSYoungGen      total 349696K, used 309526K [0x00000000d5580000, 0x00000000f3080000, 0x0000000100000000)
  eden space 324608K, 88% used [0x00000000d5580000,0x00000000e6ed96e0,0x00000000e9280000)
  from space 25088K, 85% used [0x00000000e9280000,0x00000000ea76c470,0x00000000eab00000)
  to   space 28160K, 0% used [0x00000000f1500000,0x00000000f1500000,0x00000000f3080000)
 ParOldGen       total 75776K, used 45148K [0x0000000080000000, 0x0000000084a00000, 0x00000000d5580000)
  object space 75776K, 59% used [0x0000000080000000,0x0000000082c171b8,0x0000000084a00000)
 Metaspace       used 93929K, capacity 98232K, committed 98380K, reserved 1134592K
  class space    used 12349K, capacity 13259K, committed 13312K, reserved 1048576K
Event: 4896.831 GC heap after
Heap after GC invocations=19 (full 3):
 PSYoungGen      total 434688K, used 12674K [0x00000000d5580000, 0x00000000f2400000, 0x0000000100000000)
  eden space 419328K, 0% used [0x00000000d5580000,0x00000000d5580000,0x00000000eef00000)
  from space 15360K, 82% used [0x00000000f1500000,0x00000000f2160ac8,0x00000000f2400000)
  to   space 27136K, 0% used [0x00000000eef00000,0x00000000eef00000,0x00000000f0980000)
 ParOldGen       total 75776K, used 57464K [0x0000000080000000, 0x0000000084a00000, 0x00000000d5580000)
  object space 75776K, 75% used [0x0000000080000000,0x000000008381e0c8,0x0000000084a00000)
 Metaspace       used 93929K, capacity 98232K, committed 98380K, reserved 1134592K
  class space    used 12349K, capacity 13259K, committed 13312K, reserved 1048576K
}
Event: 4896.831 GC heap before
{Heap before GC invocations=20 (full 4):
 PSYoungGen      total 434688K, used 12674K [0x00000000d5580000, 0x00000000f2400000, 0x0000000100000000)
  eden space 419328K, 0% used [0x00000000d5580000,0x00000000d5580000,0x00000000eef00000)
  from space 15360K, 82% used [0x00000000f1500000,0x00000000f2160ac8,0x00000000f2400000)
  to   space 27136K, 0% used [0x00000000eef00000,0x00000000eef00000,0x00000000f0980000)
 ParOldGen       total 75776K, used 57464K [0x0000000080000000, 0x0000000084a00000, 0x00000000d5580000)
  object space 75776K, 75% used [0x0000000080000000,0x000000008381e0c8,0x0000000084a00000)
 Metaspace       used 93929K, capacity 98232K, committed 98380K, reserved 1134592K
  class space    used 12349K, capacity 13259K, committed 13312K, reserved 1048576K
Event: 4897.057 GC heap after
Heap after GC invocations=20 (full 4):
 PSYoungGen      total 434688K, used 0K [0x00000000d5580000, 0x00000000f2400000, 0x0000000100000000)
  eden space 419328K, 0% used [0x00000000d5580000,0x00000000d5580000,0x00000000eef00000)
  from space 15360K, 0% used [0x00000000f1500000,0x00000000f1500000,0x00000000f2400000)
  to   space 27136K, 0% used [0x00000000eef00000,0x00000000eef00000,0x00000000f0980000)
 ParOldGen       total 105984K, used 48256K [0x0000000080000000, 0x0000000086780000, 0x00000000d5580000)
  object space 105984K, 45% used [0x0000000080000000,0x0000000082f201c0,0x0000000086780000)
 Metaspace       used 93122K, capacity 96766K, committed 98380K, reserved 1134592K
  class space    used 12187K, capacity 12965K, committed 13312K, reserved 1048576K
}
Event: 4905.874 GC heap before
{Heap before GC invocations=21 (full 4):
 PSYoungGen      total 434688K, used 419328K [0x00000000d5580000, 0x00000000f2400000, 0x0000000100000000)
  eden space 419328K, 100% used [0x00000000d5580000,0x00000000eef00000,0x00000000eef00000)
  from space 15360K, 0% used [0x00000000f1500000,0x00000000f1500000,0x00000000f2400000)
  to   space 27136K, 0% used [0x00000000eef00000,0x00000000eef00000,0x00000000f0980000)
 ParOldGen       total 105984K, used 48256K [0x0000000080000000, 0x0000000086780000, 0x00000000d5580000)
  object space 105984K, 45% used [0x0000000080000000,0x0000000082f201c0,0x0000000086780000)
 Metaspace       used 102539K, capacity 106678K, committed 107608K, reserved 1142784K
  class space    used 13361K, capacity 14258K, committed 14464K, reserved 1048576K
Event: 4905.907 GC heap after
Heap after GC invocations=21 (full 4):
 PSYoungGen      total 446464K, used 18011K [0x00000000d5580000, 0x00000000f7800000, 0x0000000100000000)
  eden space 419328K, 0% used [0x00000000d5580000,0x00000000d5580000,0x00000000eef00000)
  from space 27136K, 66% used [0x00000000eef00000,0x00000000f0096e60,0x00000000f0980000)
  to   space 28160K, 0% used [0x00000000f5c80000,0x00000000f5c80000,0x00000000f7800000)
 ParOldGen       total 105984K, used 48264K [0x0000000080000000, 0x0000000086780000, 0x00000000d5580000)
  object space 105984K, 45% used [0x0000000080000000,0x0000000082f221c0,0x0000000086780000)
 Metaspace       used 102539K, capacity 106678K, committed 107608K, reserved 1142784K
  class space    used 13361K, capacity 14258K, committed 14464K, reserved 1048576K
}
Event: 4916.593 GC heap before
{Heap before GC invocations=22 (full 4):
 PSYoungGen      total 446464K, used 437339K [0x00000000d5580000, 0x00000000f7800000, 0x0000000100000000)
  eden space 419328K, 100% used [0x00000000d5580000,0x00000000eef00000,0x00000000eef00000)
  from space 27136K, 66% used [0x00000000eef00000,0x00000000f0096e60,0x00000000f0980000)
  to   space 28160K, 0% used [0x00000000f5c80000,0x00000000f5c80000,0x00000000f7800000)
 ParOldGen       total 105984K, used 48264K [0x0000000080000000, 0x0000000086780000, 0x00000000d5580000)
  object space 105984K, 45% used [0x0000000080000000,0x0000000082f221c0,0x0000000086780000)
 Metaspace       used 111053K, capacity 116422K, committed 116568K, reserved 1150976K
  class space    used 14603K, capacity 15664K, committed 15744K, reserved 1048576K
Event: 4916.634 GC heap after
Heap after GC invocations=22 (full 4):
 PSYoungGen      total 522752K, used 28133K [0x00000000d5580000, 0x00000000f8080000, 0x0000000100000000)
  eden space 494592K, 0% used [0x00000000d5580000,0x00000000d5580000,0x00000000f3880000)
  from space 28160K, 99% used [0x00000000f5c80000,0x00000000f77f9540,0x00000000f7800000)
  to   space 36864K, 0% used [0x00000000f3880000,0x00000000f3880000,0x00000000f5c80000)
 ParOldGen       total 105984K, used 59344K [0x0000000080000000, 0x0000000086780000, 0x00000000d5580000)
  object space 105984K, 55% used [0x0000000080000000,0x00000000839f4360,0x0000000086780000)
 Metaspace       used 111053K, capacity 116422K, committed 116568K, reserved 1150976K
  class space    used 14603K, capacity 15664K, committed 15744K, reserved 1048576K
}
Event: 6861.886 GC heap before
{Heap before GC invocations=23 (full 4):
 PSYoungGen      total 522752K, used 522725K [0x00000000d5580000, 0x00000000f8080000, 0x0000000100000000)
  eden space 494592K, 100% used [0x00000000d5580000,0x00000000f3880000,0x00000000f3880000)
  from space 28160K, 99% used [0x00000000f5c80000,0x00000000f77f9540,0x00000000f7800000)
  to   space 36864K, 0% used [0x00000000f3880000,0x00000000f3880000,0x00000000f5c80000)
 ParOldGen       total 105984K, used 59344K [0x0000000080000000, 0x0000000086780000, 0x00000000d5580000)
  object space 105984K, 55% used [0x0000000080000000,0x00000000839f4360,0x0000000086780000)
 Metaspace       used 112696K, capacity 118472K, committed 118616K, reserved 1153024K
  class space    used 14794K, capacity 15913K, committed 16000K, reserved 1048576K

